2019-11-19 15:10:59,268 INFO PERFORMANCE:|0|0|-1|-1

2019-11-19 15:15:59,269 INFO PERFORMANCE:|2|0|-1|-1

2019-11-19 15:21:55,304 INFO PERFORMANCE:|2|0|-1|-1

2019-11-27 23:18:38,661 INFO PERFORMANCE:|0|0|-1|-1

2019-11-27 23:23:38,662 INFO PERFORMANCE:|0|0|-1|-1

2019-11-27 23:28:38,664 INFO PERFORMANCE:|0|0|-1|-1

2019-11-27 23:33:38,666 INFO PERFORMANCE:|0|0|-1|-1

<<<<<<< HEAD
2019-12-03 19:23:09,853 INFO PERFORMANCE:|2|0|-1|-1

2019-12-03 19:28:09,855 INFO PERFORMANCE:|3|3|-1|-1

2019-12-03 19:33:20,814 INFO PERFORMANCE:|3|2|-1|-1

2019-12-03 19:38:20,815 INFO PERFORMANCE:|1|1|-1|-1

2019-12-03 19:43:20,816 INFO PERFORMANCE:|2|2|-1|-1

2019-12-03 19:48:20,817 INFO PERFORMANCE:|2|0|-1|-1
=======
2019-11-28 22:43:53,653 INFO PERFORMANCE:|2|0|-1|-1

2019-11-28 22:48:53,655 INFO PERFORMANCE:|2|0|-1|-1

2019-11-28 22:53:53,666 INFO PERFORMANCE:|2|2|-1|-1

2019-11-28 22:58:53,667 INFO PERFORMANCE:|2|2|-1|-1

2019-11-28 23:03:53,670 INFO PERFORMANCE:|2|2|-1|-1

2019-11-28 23:08:53,671 INFO PERFORMANCE:|2|2|-1|-1

2019-11-28 23:13:53,672 INFO PERFORMANCE:|2|2|-1|-1

2019-11-28 23:18:53,674 INFO PERFORMANCE:|2|2|-1|-1

2019-11-28 23:23:53,676 INFO PERFORMANCE:|2|2|-1|-1

2019-11-28 23:28:53,790 INFO PERFORMANCE:|2|2|-1|-1

2019-11-28 23:33:53,798 INFO PERFORMANCE:|2|2|-1|-1

2019-11-28 23:38:53,800 INFO PERFORMANCE:|2|0|-1|-1
>>>>>>> d8d24118f5e482f27f20be192e87b1bb1823213d

