2019-11-27 23:12:59,998 INFO [VIPSRV-DISTRO] healthy server list changed, disable health check for 60000 ms from now on, healthList: [], newHealthyList [192.168.1.103:0]

2019-11-27 23:13:05,282 ERROR [AUTO-INIT] failed to auto init

java.lang.IllegalStateException: unable to find local peer: 192.168.1.103:0, all peers: []
	at com.alibaba.nacos.naming.raft.PeerSet.local(PeerSet.java:191)
	at com.alibaba.nacos.naming.raft.PeerSet.getLeader(PeerSet.java:49)
	at com.alibaba.nacos.naming.core.DomainsManager.initConfig(DomainsManager.java:100)
	at com.alibaba.nacos.naming.core.DomainsManager.access$500(DomainsManager.java:44)
	at com.alibaba.nacos.naming.core.DomainsManager$3.run(DomainsManager.java:607)
	at java.util.concurrent.Executors$RunnableAdapter.call(Executors.java:511)
	at java.util.concurrent.FutureTask.run(FutureTask.java:266)
	at java.util.concurrent.ScheduledThreadPoolExecutor$ScheduledFutureTask.access$201(ScheduledThreadPoolExecutor.java:180)
	at java.util.concurrent.ScheduledThreadPoolExecutor$ScheduledFutureTask.run(ScheduledThreadPoolExecutor.java:293)
	at java.util.concurrent.ThreadPoolExecutor.runWorker(ThreadPoolExecutor.java:1149)
	at java.util.concurrent.ThreadPoolExecutor$Worker.run(ThreadPoolExecutor.java:624)
	at java.lang.Thread.run(Thread.java:748)
2019-11-27 23:13:10,333 ERROR [AUTO-INIT] failed to auto init

java.lang.IllegalStateException: unable to find local peer: 192.168.1.103:0, all peers: []
	at com.alibaba.nacos.naming.raft.PeerSet.local(PeerSet.java:191)
	at com.alibaba.nacos.naming.raft.PeerSet.getLeader(PeerSet.java:49)
	at com.alibaba.nacos.naming.core.DomainsManager.initConfig(DomainsManager.java:100)
	at com.alibaba.nacos.naming.core.DomainsManager.access$500(DomainsManager.java:44)
	at com.alibaba.nacos.naming.core.DomainsManager$3.run(DomainsManager.java:607)
	at java.util.concurrent.Executors$RunnableAdapter.call(Executors.java:511)
	at java.util.concurrent.FutureTask.run(FutureTask.java:266)
	at java.util.concurrent.ScheduledThreadPoolExecutor$ScheduledFutureTask.access$201(ScheduledThreadPoolExecutor.java:180)
	at java.util.concurrent.ScheduledThreadPoolExecutor$ScheduledFutureTask.run(ScheduledThreadPoolExecutor.java:293)
	at java.util.concurrent.ThreadPoolExecutor.runWorker(ThreadPoolExecutor.java:1149)
	at java.util.concurrent.ThreadPoolExecutor$Worker.run(ThreadPoolExecutor.java:624)
	at java.lang.Thread.run(Thread.java:748)
2019-11-27 23:13:11,076 INFO [SERVER-INIT] got port: 8848

2019-11-27 23:13:11,076 INFO [SERVER-INIT] got path: /nacos

2019-11-27 23:13:15,334 INFO [AUTO-INIT] leader is: 192.168.1.103:8848

2019-11-27 23:13:38,659 INFO [HEALTH-CHECK] health check is false

2019-11-27 23:14:00,276 INFO [VIPSRV-DISTRO] distro threshold restored and stable now, enable health check. current ratio: 1.0

2019-11-27 23:14:00,276 INFO [VIPSRV-DISTRO] healthy server list changed, disable health check for 60000 ms from now on

2019-11-27 23:15:00,280 INFO [VIPSRV-DISTRO] distro threshold restored and stable now, enable health check. current ratio: 1.0

